Determining if the pthread_create exist failed with the following output:
Change Dir: /home/robot/me212lab3/catkin_ws/build/CMakeFiles/CMakeTmp

Run Build Command:/usr/bin/make "cmTryCompileExec3504939844/fast"
/usr/bin/make -f CMakeFiles/cmTryCompileExec3504939844.dir/build.make CMakeFiles/cmTryCompileExec3504939844.dir/build
make[1]: Entering directory `/home/robot/me212lab3/catkin_ws/build/CMakeFiles/CMakeTmp'
/usr/bin/cmake -E cmake_progress_report /home/robot/me212lab3/catkin_ws/build/CMakeFiles/CMakeTmp/CMakeFiles 1
Building C object CMakeFiles/cmTryCompileExec3504939844.dir/CheckSymbolExists.c.o
/usr/bin/cc   -Wreturn-type -Wuninitialized -Wreturn-type -Wuninitialized     -o CMakeFiles/cmTryCompileExec3504939844.dir/CheckSymbolExists.c.o   -c /home/robot/me212lab3/catkin_ws/build/CMakeFiles/CMakeTmp/CheckSymbolExists.c
Linking C executable cmTryCompileExec3504939844
/usr/bin/cmake -E cmake_link_script CMakeFiles/cmTryCompileExec3504939844.dir/link.txt --verbose=1
/usr/bin/cc   -Wreturn-type -Wuninitialized -Wreturn-type -Wuninitialized      CMakeFiles/cmTryCompileExec3504939844.dir/CheckSymbolExists.c.o  -o cmTryCompileExec3504939844 -rdynamic 
CMakeFiles/cmTryCompileExec3504939844.dir/CheckSymbolExists.c.o: In function `main':
CheckSymbolExists.c:(.text+0x16): undefined reference to `pthread_create'
collect2: error: ld returned 1 exit status
make[1]: *** [cmTryCompileExec3504939844] Error 1
make[1]: Leaving directory `/home/robot/me212lab3/catkin_ws/build/CMakeFiles/CMakeTmp'
make: *** [cmTryCompileExec3504939844/fast] Error 2

File /home/robot/me212lab3/catkin_ws/build/CMakeFiles/CMakeTmp/CheckSymbolExists.c:
/* */
#include <pthread.h>

int main(int argc, char** argv)
{
  (void)argv;
#ifndef pthread_create
  return ((int*)(&pthread_create))[argc];
#else
  (void)argc;
  return 0;
#endif
}

Determining if the function pthread_create exists in the pthreads failed with the following output:
Change Dir: /home/robot/me212lab3/catkin_ws/build/CMakeFiles/CMakeTmp

Run Build Command:/usr/bin/make "cmTryCompileExec3530316927/fast"
/usr/bin/make -f CMakeFiles/cmTryCompileExec3530316927.dir/build.make CMakeFiles/cmTryCompileExec3530316927.dir/build
make[1]: Entering directory `/home/robot/me212lab3/catkin_ws/build/CMakeFiles/CMakeTmp'
/usr/bin/cmake -E cmake_progress_report /home/robot/me212lab3/catkin_ws/build/CMakeFiles/CMakeTmp/CMakeFiles 1
Building C object CMakeFiles/cmTryCompileExec3530316927.dir/CheckFunctionExists.c.o
/usr/bin/cc   -Wreturn-type -Wuninitialized -Wreturn-type -Wuninitialized  -DCHECK_FUNCTION_EXISTS=pthread_create   -o CMakeFiles/cmTryCompileExec3530316927.dir/CheckFunctionExists.c.o   -c /usr/share/cmake-2.8/Modules/CheckFunctionExists.c
Linking C executable cmTryCompileExec3530316927
/usr/bin/cmake -E cmake_link_script CMakeFiles/cmTryCompileExec3530316927.dir/link.txt --verbose=1
/usr/bin/cc   -Wreturn-type -Wuninitialized -Wreturn-type -Wuninitialized  -DCHECK_FUNCTION_EXISTS=pthread_create    CMakeFiles/cmTryCompileExec3530316927.dir/CheckFunctionExists.c.o  -o cmTryCompileExec3530316927 -rdynamic -lpthreads 
/usr/bin/ld: cannot find -lpthreads
collect2: error: ld returned 1 exit status
make[1]: *** [cmTryCompileExec3530316927] Error 1
make[1]: Leaving directory `/home/robot/me212lab3/catkin_ws/build/CMakeFiles/CMakeTmp'
make: *** [cmTryCompileExec3530316927/fast] Error 2


